<?xml version="1.0" encoding="UTF-8"?>
<testsuite xmlns:xsi="http://www.w3.org/2001/XMLSchema-instance" xsi:noNamespaceSchemaLocation="https://maven.apache.org/surefire/maven-surefire-plugin/xsd/surefire-test-report-3.0.xsd" version="3.0" name="com.upc.TuCine.TuCine.service.impl.TicketServiceImplTest" time="16.274" tests="1" errors="0" skipped="0" failures="0">
  <properties>
[...]
</properties>
  <testcase name="validateTicket" classname="com.upc.TuCine.TuCine.service.impl.TicketServiceImplTest" time="0.372">
    <system-out><![CDATA[00:43:24.571 [main] INFO org.springframework.test.context.support.AnnotationConfigContextLoaderUtils -- Could not detect default configuration classes for test class [com.upc.TuCine.TuCine.service.impl.TicketServiceImplTest]: TicketServiceImplTest does not declare any static, non-private, non-final, nested classes annotated with @Configuration.
00:43:24.658 [main] INFO org.springframework.boot.test.context.SpringBootTestContextBootstrapper -- Found @SpringBootConfiguration com.upc.TuCine.TuCine.TuCineApplication for test class com.upc.TuCine.TuCine.service.impl.TicketServiceImplTest

  .   ____          _            __ _ _
 /\\ / ___'_ __ _ _(_)_ __  __ _ \ \ \ \
( ( )\___ | '_ | '_| | '_ \/ _` | \ \ \ \
 \\/  ___)| |_)| | | | | || (_| |  ) ) ) )
  '  |____| .__|_| |_|_| |_\__, | / / / /
 =========|_|==============|___/=/_/_/_/
 :: Spring Boot ::                (v3.1.0)

2024-04-10T00:43:24.911-05:00  INFO 4317 --- [           main] c.u.T.T.s.impl.TicketServiceImplTest     : Starting TicketServiceImplTest using Java 21.0.2 with PID 4317 (started by rafaelprimo in /Users/rafaelprimo/Downloads/Backend-main)
2024-04-10T00:43:24.912-05:00  INFO 4317 --- [           main] c.u.T.T.s.impl.TicketServiceImplTest     : No active profile set, falling back to 1 default profile: "default"
2024-04-10T00:43:25.391-05:00  INFO 4317 --- [           main] .s.d.r.c.RepositoryConfigurationDelegate : Bootstrapping Spring Data JPA repositories in DEFAULT mode.
2024-04-10T00:43:25.441-05:00  INFO 4317 --- [           main] .s.d.r.c.RepositoryConfigurationDelegate : Finished Spring Data repository scanning in 45 ms. Found 13 JPA repository interfaces.
2024-04-10T00:43:25.715-05:00  INFO 4317 --- [           main] o.hibernate.jpa.internal.util.LogHelper  : HHH000204: Processing PersistenceUnitInfo [name: default]
2024-04-10T00:43:25.757-05:00  INFO 4317 --- [           main] org.hibernate.Version                    : HHH000412: Hibernate ORM core version 6.2.2.Final
2024-04-10T00:43:25.758-05:00  INFO 4317 --- [           main] org.hibernate.cfg.Environment            : HHH000406: Using bytecode reflection optimizer
2024-04-10T00:43:25.854-05:00  INFO 4317 --- [           main] o.h.b.i.BytecodeProviderInitiator        : HHH000021: Bytecode provider name : bytebuddy
2024-04-10T00:43:25.949-05:00  INFO 4317 --- [           main] o.s.o.j.p.SpringPersistenceUnitInfo      : No LoadTimeWeaver setup: ignoring JPA class transformer
2024-04-10T00:43:25.962-05:00  INFO 4317 --- [           main] com.zaxxer.hikari.HikariDataSource       : HikariPool-1 - Starting...
2024-04-10T00:43:27.959-05:00  INFO 4317 --- [           main] com.zaxxer.hikari.pool.HikariPool        : HikariPool-1 - Added connection com.mysql.cj.jdbc.ConnectionImpl@47e9542a
2024-04-10T00:43:27.964-05:00  INFO 4317 --- [           main] com.zaxxer.hikari.HikariDataSource       : HikariPool-1 - Start completed.
2024-04-10T00:43:28.307-05:00  INFO 4317 --- [           main] org.hibernate.orm.dialect                : HHH035001: Using dialect: org.hibernate.dialect.MySQLDialect, version: 8.0.36
2024-04-10T00:43:28.477-05:00  INFO 4317 --- [           main] o.h.b.i.BytecodeProviderInitiator        : HHH000021: Bytecode provider name : bytebuddy
2024-04-10T00:43:29.006-05:00  INFO 4317 --- [           main] o.h.e.t.j.p.i.JtaPlatformInitiator       : HHH000490: Using JtaPlatform implementation: [org.hibernate.engine.transaction.jta.platform.internal.NoJtaPlatform]
2024-04-10T00:43:37.274-05:00  INFO 4317 --- [           main] j.LocalContainerEntityManagerFactoryBean : Initialized JPA EntityManagerFactory for persistence unit 'default'
2024-04-10T00:43:39.014-05:00  WARN 4317 --- [           main] JpaBaseConfiguration$JpaWebConfiguration : spring.jpa.open-in-view is enabled by default. Therefore, database queries may be performed during view rendering. Explicitly configure spring.jpa.open-in-view to disable this warning
2024-04-10T00:43:39.243-05:00  INFO 4317 --- [           main] c.u.T.T.s.impl.TicketServiceImplTest     : Started TicketServiceImplTest in 14.484 seconds (process running for 15.28)
2024-04-10T00:43:39.244-05:00  INFO 4317 --- [           main] c.u.T.T.s.p.DatabaseSeedingConfig        : Starting Database Seeding Process for application at 2024-04-10 00:43:39.244
2024-04-10T00:43:40.330-05:00  INFO 4317 --- [           main] c.u.T.T.s.p.DatabaseSeedingConfig        : Finished Database Seeding Process for application at 2024-04-10 00:43:40.33
]]></system-out>
    <system-err><![CDATA[WARNING: A Java agent has been loaded dynamically (/Users/rafaelprimo/.m2/repository/net/bytebuddy/byte-buddy-agent/1.14.4/byte-buddy-agent-1.14.4.jar)
WARNING: If a serviceability tool is in use, please run with -XX:+EnableDynamicAgentLoading to hide this warning
WARNING: If a serviceability tool is not in use, please run with -Djdk.instrument.traceUsage for more information
WARNING: Dynamic loading of agents will be disallowed by default in a future release
]]></system-err>
  </testcase>
</testsuite>